fatal: not a git repository (or any of the parent directories): .git
fatal: not a git repository (or any of the parent directories): .git
fatal: not a git repository (or any of the parent directories): .git
[main 5406a01] auto
 1 file changed, 3 insertions(+)
 create mode 100644 crontab.log
To https://github.com/pandalabme/notebooks.git
   822a894..5406a01  main -> main
[main 2f8759c] auto
 1 file changed, 5 insertions(+)
To https://github.com/pandalabme/notebooks.git
   5406a01..2f8759c  main -> main
[main ce28b18] auto
 1 file changed, 4 insertions(+)
To https://github.com/pandalabme/notebooks.git
   2f8759c..ce28b18  main -> main
[main aeabf73] auto
 1 file changed, 4 insertions(+)
To https://github.com/pandalabme/notebooks.git
   ce28b18..aeabf73  main -> main
[main 1554124] auto
 1 file changed, 4 insertions(+)
To https://github.com/pandalabme/notebooks.git
   aeabf73..1554124  main -> main
[main 8551170] auto
 1 file changed, 4 insertions(+)
To https://github.com/pandalabme/notebooks.git
   1554124..8551170  main -> main
